0 info it worked if it ends with ok
1 verbose cli [ '/usr/local/bin/node', '/usr/local/bin/npm', 'run', 'doc' ]
2 info using npm@3.10.8
3 info using node@v6.9.1
4 verbose run-script [ 'predoc', 'doc', 'postdoc' ]
5 info lifecycle quick-js@0.0.0~predoc: quick-js@0.0.0
6 verbose lifecycle quick-js@0.0.0~predoc: unsafe-perm in lifecycle true
7 verbose lifecycle quick-js@0.0.0~predoc: PATH: /usr/local/lib/node_modules/npm/bin/node-gyp-bin:/Users/lincoln/Documents/Software Projects/quick-js/node_modules/.bin:/Users/lincoln/mongodb/bin:/usr/local/bin:/usr/bin:/bin:/usr/sbin:/sbin
8 verbose lifecycle quick-js@0.0.0~predoc: CWD: /Users/lincoln/Documents/Software Projects/quick-js
9 silly lifecycle quick-js@0.0.0~predoc: Args: [ '-c', 'esdoc' ]
10 silly lifecycle quick-js@0.0.0~predoc: Returned: code: 0  signal: null
11 info lifecycle quick-js@0.0.0~doc: quick-js@0.0.0
12 verbose lifecycle quick-js@0.0.0~doc: unsafe-perm in lifecycle true
13 verbose lifecycle quick-js@0.0.0~doc: PATH: /usr/local/lib/node_modules/npm/bin/node-gyp-bin:/Users/lincoln/Documents/Software Projects/quick-js/node_modules/.bin:/Users/lincoln/mongodb/bin:/usr/local/bin:/usr/bin:/bin:/usr/sbin:/sbin
14 verbose lifecycle quick-js@0.0.0~doc: CWD: /Users/lincoln/Documents/Software Projects/quick-js
15 silly lifecycle quick-js@0.0.0~doc: Args: [ '-c', 'node serve_docs' ]
16 silly lifecycle quick-js@0.0.0~doc: Returned: code: 1  signal: null
17 info lifecycle quick-js@0.0.0~doc: Failed to exec doc script
18 verbose stack Error: quick-js@0.0.0 doc: `node serve_docs`
18 verbose stack Exit status 1
18 verbose stack     at EventEmitter.<anonymous> (/usr/local/lib/node_modules/npm/lib/utils/lifecycle.js:255:16)
18 verbose stack     at emitTwo (events.js:106:13)
18 verbose stack     at EventEmitter.emit (events.js:191:7)
18 verbose stack     at ChildProcess.<anonymous> (/usr/local/lib/node_modules/npm/lib/utils/spawn.js:40:14)
18 verbose stack     at emitTwo (events.js:106:13)
18 verbose stack     at ChildProcess.emit (events.js:191:7)
18 verbose stack     at maybeClose (internal/child_process.js:877:16)
18 verbose stack     at Process.ChildProcess._handle.onexit (internal/child_process.js:226:5)
19 verbose pkgid quick-js@0.0.0
20 verbose cwd /Users/lincoln/Documents/Software Projects/quick-js
21 error Darwin 16.3.0
22 error argv "/usr/local/bin/node" "/usr/local/bin/npm" "run" "doc"
23 error node v6.9.1
24 error npm  v3.10.8
25 error code ELIFECYCLE
26 error quick-js@0.0.0 doc: `node serve_docs`
26 error Exit status 1
27 error Failed at the quick-js@0.0.0 doc script 'node serve_docs'.
27 error Make sure you have the latest version of node.js and npm installed.
27 error If you do, this is most likely a problem with the quick-js package,
27 error not with npm itself.
27 error Tell the author that this fails on your system:
27 error     node serve_docs
27 error You can get information on how to open an issue for this project with:
27 error     npm bugs quick-js
27 error Or if that isn't available, you can get their info via:
27 error     npm owner ls quick-js
27 error There is likely additional logging output above.
28 verbose exit [ 1, true ]
